01-15-2025 @ 10:51:47 - ---[ New import started at 2025-01-15 10:51:47 ] PHP Memory: 256 MB, WP Memory: 40 MB
01-15-2025 @ 10:51:47 - Preparing for import.
01-15-2025 @ 10:51:47 - Row :1 - Parsing item.
01-15-2025 @ 10:51:47 - Importing as new product ID:151
01-15-2025 @ 10:51:47 - Row :1 - Processing item.
01-15-2025 @ 10:51:47 - Found simple product object. ID:151
01-15-2025 @ 10:51:48 - Row :1 - Product imported successfully.
01-15-2025 @ 10:51:48 - Row :2 - Parsing item.
01-15-2025 @ 10:51:48 - Importing as new product ID:152
01-15-2025 @ 10:51:48 - Row :2 - Processing item.
01-15-2025 @ 10:51:48 - Found simple product object. ID:152
01-15-2025 @ 10:51:48 - Row :2 - Product imported successfully.
01-15-2025 @ 10:51:48 - Row :3 - Parsing item.
01-15-2025 @ 10:51:48 - Importing as new product ID:153
01-15-2025 @ 10:51:48 - Row :3 - Processing item.
01-15-2025 @ 10:51:48 - Found simple product object. ID:153
01-15-2025 @ 10:51:48 - Row :3 - Product imported successfully.
01-15-2025 @ 10:51:48 - Row :4 - Parsing item.
01-15-2025 @ 10:51:48 - Importing as new product ID:154
01-15-2025 @ 10:51:48 - Row :4 - Processing item.
01-15-2025 @ 10:51:48 - Found simple product object. ID:154
01-15-2025 @ 10:51:49 - Row :4 - Product imported successfully.
01-15-2025 @ 10:51:49 - Row :5 - Parsing item.
01-15-2025 @ 10:51:49 - Importing as new product ID:155
01-15-2025 @ 10:51:49 - Row :5 - Processing item.
01-15-2025 @ 10:51:49 - Found simple product object. ID:155
01-15-2025 @ 10:51:49 - Row :5 - Product imported successfully.
01-15-2025 @ 10:51:49 - Row :6 - Parsing item.
01-15-2025 @ 10:51:49 - Importing as new product ID:156
01-15-2025 @ 10:51:49 - Row :6 - Processing item.
01-15-2025 @ 10:51:49 - Found simple product object. ID:156
01-15-2025 @ 10:51:49 - Row :6 - Product imported successfully.
01-15-2025 @ 10:51:49 - ---[ Import ended at 2025-01-15 10:51:49]---
